<?xml version="1.0" encoding="UTF-8"?>
<testsuite xmlns:xsi="http://www.w3.org/2001/XMLSchema-instance" xsi:noNamespaceSchemaLocation="https://maven.apache.org/surefire/maven-surefire-plugin/xsd/surefire-test-report.xsd" version="3.0.2" name="github.com.simaomenezes.integrationtests.controllers.PersonControllerIntegrationTest" time="9.142" tests="1" errors="0" skipped="0" failures="1">
  <properties>
[...]
</properties>
  <testcase name="testGivenPersonObject_when_CreateOnePerson_ShouldReturnAPersonObject" classname="github.com.simaomenezes.integrationtests.controllers.PersonControllerIntegrationTest" time="0.962">
    <failure message="1 expectation failed.&#10;Expected status code &lt;200&gt; but was &lt;404&gt;.&#10;" type="java.lang.AssertionError"><![CDATA[java.lang.AssertionError: 
1 expectation failed.
Expected status code <200> but was <404>.

	at java.base/jdk.internal.reflect.NativeConstructorAccessorImpl.newInstance0(Native Method)
	at java.base/jdk.internal.reflect.NativeConstructorAccessorImpl.newInstance(NativeConstructorAccessorImpl.java:77)
	at java.base/jdk.internal.reflect.DelegatingConstructorAccessorImpl.newInstance(DelegatingConstructorAccessorImpl.java:45)
	at java.base/java.lang.reflect.Constructor.newInstanceWithCaller(Constructor.java:500)
	at java.base/java.lang.reflect.Constructor.newInstance(Constructor.java:481)
	at org.codehaus.groovy.reflection.CachedConstructor.invoke(CachedConstructor.java:73)
	at org.codehaus.groovy.runtime.callsite.ConstructorSite$ConstructorSiteNoUnwrapNoCoerce.callConstructor(ConstructorSite.java:108)
	at org.codehaus.groovy.runtime.callsite.CallSiteArray.defaultCallConstructor(CallSiteArray.java:57)
	at org.codehaus.groovy.runtime.callsite.AbstractCallSite.callConstructor(AbstractCallSite.java:263)
	at org.codehaus.groovy.runtime.callsite.AbstractCallSite.callConstructor(AbstractCallSite.java:277)
	at io.restassured.internal.ResponseSpecificationImpl$HamcrestAssertionClosure.validate(ResponseSpecificationImpl.groovy:512)
	at io.restassured.internal.ResponseSpecificationImpl$HamcrestAssertionClosure$validate$1.call(Unknown Source)
	at org.codehaus.groovy.runtime.callsite.CallSiteArray.defaultCall(CallSiteArray.java:45)
	at org.codehaus.groovy.runtime.callsite.AbstractCallSite.call(AbstractCallSite.java:125)
	at org.codehaus.groovy.runtime.callsite.AbstractCallSite.call(AbstractCallSite.java:139)
	at io.restassured.internal.ResponseSpecificationImpl.validateResponseIfRequired(ResponseSpecificationImpl.groovy:696)
	at io.restassured.internal.ResponseSpecificationImpl.this$2$validateResponseIfRequired(ResponseSpecificationImpl.groovy)
	at java.base/jdk.internal.reflect.NativeMethodAccessorImpl.invoke0(Native Method)
	at java.base/jdk.internal.reflect.NativeMethodAccessorImpl.invoke(NativeMethodAccessorImpl.java:77)
	at java.base/jdk.internal.reflect.DelegatingMethodAccessorImpl.invoke(DelegatingMethodAccessorImpl.java:43)
	at java.base/java.lang.reflect.Method.invoke(Method.java:569)
	at org.codehaus.groovy.runtime.callsite.PlainObjectMetaMethodSite.doInvoke(PlainObjectMetaMethodSite.java:43)
	at org.codehaus.groovy.runtime.callsite.PogoMetaMethodSite$PogoCachedMethodSiteNoUnwrapNoCoerce.invoke(PogoMetaMethodSite.java:198)
	at org.codehaus.groovy.runtime.callsite.PogoMetaMethodSite.callCurrent(PogoMetaMethodSite.java:62)
	at org.codehaus.groovy.runtime.callsite.CallSiteArray.defaultCallCurrent(CallSiteArray.java:49)
	at org.codehaus.groovy.runtime.callsite.AbstractCallSite.callCurrent(AbstractCallSite.java:171)
	at org.codehaus.groovy.runtime.callsite.AbstractCallSite.callCurrent(AbstractCallSite.java:185)
	at io.restassured.internal.ResponseSpecificationImpl.statusCode(ResponseSpecificationImpl.groovy:135)
	at io.restassured.specification.ResponseSpecification$statusCode$0.callCurrent(Unknown Source)
	at org.codehaus.groovy.runtime.callsite.CallSiteArray.defaultCallCurrent(CallSiteArray.java:49)
	at org.codehaus.groovy.runtime.callsite.AbstractCallSite.callCurrent(AbstractCallSite.java:171)
	at org.codehaus.groovy.runtime.callsite.AbstractCallSite.callCurrent(AbstractCallSite.java:185)
	at io.restassured.internal.ResponseSpecificationImpl.statusCode(ResponseSpecificationImpl.groovy:143)
	at io.restassured.internal.ValidatableResponseOptionsImpl.statusCode(ValidatableResponseOptionsImpl.java:89)
	at github.com.simaomenezes.integrationtests.controllers.PersonControllerIntegrationTest.testGivenPersonObject_when_CreateOnePerson_ShouldReturnAPersonObject(PersonControllerIntegrationTest.java:63)
	at java.base/java.lang.reflect.Method.invoke(Method.java:569)
	at java.base/java.util.ArrayList.forEach(ArrayList.java:1511)
	at java.base/java.util.ArrayList.forEach(ArrayList.java:1511)
]]></failure>
    <system-out><![CDATA[&amp#27;[2m2025-03-14T20:07:48.851Z&amp#27;[0;39m &amp#27;[32m INFO&amp#27;[0;39m &amp#27;[35m19952&amp#27;[0;39m &amp#27;[2m--- [JunityTest] [           main] &amp#27;[0;39m&amp#27;[36mt.c.s.AnnotationConfigContextLoaderUtils&amp#27;[0;39m &amp#27;[2m:&amp#27;[0;39m Could not detect default configuration classes for test class [github.com.simaomenezes.integrationtests.controllers.PersonControllerIntegrationTest]: PersonControllerIntegrationTest does not declare any static, non-private, non-final, nested classes annotated with @Configuration.
&amp#27;[2m2025-03-14T20:07:48.867Z&amp#27;[0;39m &amp#27;[32m INFO&amp#27;[0;39m &amp#27;[35m19952&amp#27;[0;39m &amp#27;[2m--- [JunityTest] [           main] &amp#27;[0;39m&amp#27;[36m.b.t.c.SpringBootTestContextBootstrapper&amp#27;[0;39m &amp#27;[2m:&amp#27;[0;39m Found @SpringBootConfiguration github.com.simaomenezes.Startup for test class github.com.simaomenezes.integrationtests.controllers.PersonControllerIntegrationTest
&amp#27;[2m2025-03-14T20:07:48.906Z&amp#27;[0;39m &amp#27;[32m INFO&amp#27;[0;39m &amp#27;[35m19952&amp#27;[0;39m &amp#27;[2m--- [JunityTest] [           main] &amp#27;[0;39m&amp#27;[36morg.testcontainers.images.PullPolicy    &amp#27;[0;39m &amp#27;[2m:&amp#27;[0;39m Image pull policy will be performed by: DefaultPullPolicy()
&amp#27;[2m2025-03-14T20:07:48.909Z&amp#27;[0;39m &amp#27;[32m INFO&amp#27;[0;39m &amp#27;[35m19952&amp#27;[0;39m &amp#27;[2m--- [JunityTest] [           main] &amp#27;[0;39m&amp#27;[36mo.t.utility.ImageNameSubstitutor        &amp#27;[0;39m &amp#27;[2m:&amp#27;[0;39m Image name substitution will be performed by: DefaultImageNameSubstitutor (composite of 'ConfigurationFileImageNameSubstitutor' and 'PrefixingImageNameSubstitutor')
&amp#27;[2m2025-03-14T20:07:48.923Z&amp#27;[0;39m &amp#27;[32m INFO&amp#27;[0;39m &amp#27;[35m19952&amp#27;[0;39m &amp#27;[2m--- [JunityTest] [           main] &amp#27;[0;39m&amp#27;[36morg.testcontainers.DockerClientFactory  &amp#27;[0;39m &amp#27;[2m:&amp#27;[0;39m Testcontainers version: 1.20.6
&amp#27;[2m2025-03-14T20:07:49.143Z&amp#27;[0;39m &amp#27;[32m INFO&amp#27;[0;39m &amp#27;[35m19952&amp#27;[0;39m &amp#27;[2m--- [JunityTest] [           main] &amp#27;[0;39m&amp#27;[36mo.t.d.DockerClientProviderStrategy      &amp#27;[0;39m &amp#27;[2m:&amp#27;[0;39m Loaded org.testcontainers.dockerclient.NpipeSocketClientProviderStrategy from ~/.testcontainers.properties, will try it first
&amp#27;[2m2025-03-14T20:07:49.658Z&amp#27;[0;39m &amp#27;[32m INFO&amp#27;[0;39m &amp#27;[35m19952&amp#27;[0;39m &amp#27;[2m--- [JunityTest] [           main] &amp#27;[0;39m&amp#27;[36mo.t.d.DockerClientProviderStrategy      &amp#27;[0;39m &amp#27;[2m:&amp#27;[0;39m Found Docker environment with local Npipe socket (npipe:////./pipe/docker_engine)
&amp#27;[2m2025-03-14T20:07:49.659Z&amp#27;[0;39m &amp#27;[32m INFO&amp#27;[0;39m &amp#27;[35m19952&amp#27;[0;39m &amp#27;[2m--- [JunityTest] [           main] &amp#27;[0;39m&amp#27;[36morg.testcontainers.DockerClientFactory  &amp#27;[0;39m &amp#27;[2m:&amp#27;[0;39m Docker host IP address is localhost
&amp#27;[2m2025-03-14T20:07:49.676Z&amp#27;[0;39m &amp#27;[32m INFO&amp#27;[0;39m &amp#27;[35m19952&amp#27;[0;39m &amp#27;[2m--- [JunityTest] [           main] &amp#27;[0;39m&amp#27;[36morg.testcontainers.DockerClientFactory  &amp#27;[0;39m &amp#27;[2m:&amp#27;[0;39m Connected to docker: 
  Server Version: 28.0.1
  API Version: 1.48
  Operating System: Docker Desktop
  Total Memory: 7562 MB
  Labels: 
    com.docker.desktop.address=npipe://\\.\pipe\docker_cli
&amp#27;[2m2025-03-14T20:07:49.782Z&amp#27;[0;39m &amp#27;[32m INFO&amp#27;[0;39m &amp#27;[35m19952&amp#27;[0;39m &amp#27;[2m--- [JunityTest] [           main] &amp#27;[0;39m&amp#27;[36mtc.testcontainers/ryuk:0.11.0           &amp#27;[0;39m &amp#27;[2m:&amp#27;[0;39m Creating container for image: testcontainers/ryuk:0.11.0
&amp#27;[2m2025-03-14T20:07:50.028Z&amp#27;[0;39m &amp#27;[32m INFO&amp#27;[0;39m &amp#27;[35m19952&amp#27;[0;39m &amp#27;[2m--- [JunityTest] [           main] &amp#27;[0;39m&amp#27;[36mtc.testcontainers/ryuk:0.11.0           &amp#27;[0;39m &amp#27;[2m:&amp#27;[0;39m Container testcontainers/ryuk:0.11.0 is starting: 235ce24837e4275da2e9c3ddebf1f4cb970e834177dfad792e47e9bbe3869ed5
&amp#27;[2m2025-03-14T20:07:50.455Z&amp#27;[0;39m &amp#27;[32m INFO&amp#27;[0;39m &amp#27;[35m19952&amp#27;[0;39m &amp#27;[2m--- [JunityTest] [           main] &amp#27;[0;39m&amp#27;[36mtc.testcontainers/ryuk:0.11.0           &amp#27;[0;39m &amp#27;[2m:&amp#27;[0;39m Container testcontainers/ryuk:0.11.0 started in PT0.6731916S
&amp#27;[2m2025-03-14T20:07:50.462Z&amp#27;[0;39m &amp#27;[32m INFO&amp#27;[0;39m &amp#27;[35m19952&amp#27;[0;39m &amp#27;[2m--- [JunityTest] [           main] &amp#27;[0;39m&amp#27;[36mo.t.utility.RyukResourceReaper          &amp#27;[0;39m &amp#27;[2m:&amp#27;[0;39m Ryuk started - will monitor and terminate Testcontainers containers on JVM exit
&amp#27;[2m2025-03-14T20:07:50.463Z&amp#27;[0;39m &amp#27;[32m INFO&amp#27;[0;39m &amp#27;[35m19952&amp#27;[0;39m &amp#27;[2m--- [JunityTest] [           main] &amp#27;[0;39m&amp#27;[36morg.testcontainers.DockerClientFactory  &amp#27;[0;39m &amp#27;[2m:&amp#27;[0;39m Checking the system...
&amp#27;[2m2025-03-14T20:07:50.463Z&amp#27;[0;39m &amp#27;[32m INFO&amp#27;[0;39m &amp#27;[35m19952&amp#27;[0;39m &amp#27;[2m--- [JunityTest] [           main] &amp#27;[0;39m&amp#27;[36morg.testcontainers.DockerClientFactory  &amp#27;[0;39m &amp#27;[2m:&amp#27;[0;39m ?? Docker server version should be at least 1.6.0
&amp#27;[2m2025-03-14T20:07:50.464Z&amp#27;[0;39m &amp#27;[32m INFO&amp#27;[0;39m &amp#27;[35m19952&amp#27;[0;39m &amp#27;[2m--- [JunityTest] [           main] &amp#27;[0;39m&amp#27;[36mtc.postgres:15                          &amp#27;[0;39m &amp#27;[2m:&amp#27;[0;39m Creating container for image: postgres:15
&amp#27;[2m2025-03-14T20:07:50.542Z&amp#27;[0;39m &amp#27;[32m INFO&amp#27;[0;39m &amp#27;[35m19952&amp#27;[0;39m &amp#27;[2m--- [JunityTest] [           main] &amp#27;[0;39m&amp#27;[36mtc.postgres:15                          &amp#27;[0;39m &amp#27;[2m:&amp#27;[0;39m Container postgres:15 is starting: 050066f499f6cf9b688ba3df4ee6fddb4dc7370e6902f97c78bdebda51a5c288
&amp#27;[2m2025-03-14T20:07:52.076Z&amp#27;[0;39m &amp#27;[32m INFO&amp#27;[0;39m &amp#27;[35m19952&amp#27;[0;39m &amp#27;[2m--- [JunityTest] [           main] &amp#27;[0;39m&amp#27;[36mtc.postgres:15                          &amp#27;[0;39m &amp#27;[2m:&amp#27;[0;39m Container postgres:15 started in PT1.6114459S
&amp#27;[2m2025-03-14T20:07:52.076Z&amp#27;[0;39m &amp#27;[32m INFO&amp#27;[0;39m &amp#27;[35m19952&amp#27;[0;39m &amp#27;[2m--- [JunityTest] [           main] &amp#27;[0;39m&amp#27;[36mtc.postgres:15                          &amp#27;[0;39m &amp#27;[2m:&amp#27;[0;39m Container is started (JDBC URL: jdbc:postgresql://localhost:55989/test?loggerLevel=OFF)
&amp#27;[2m2025-03-14T20:07:52.229Z&amp#27;[0;39m &amp#27;[32m INFO&amp#27;[0;39m &amp#27;[35m19952&amp#27;[0;39m &amp#27;[2m--- [JunityTest] [           main] &amp#27;[0;39m&amp#27;[36mo.s.b.d.r.RestartApplicationListener    &amp#27;[0;39m &amp#27;[2m:&amp#27;[0;39m Restart disabled due to context in which it is running

  .   ____          _            __ _ _
 /\\ / ___'_ __ _ _(_)_ __  __ _ \ \ \ \
( ( )\___ | '_ | '_| | '_ \/ _` | \ \ \ \
 \\/  ___)| |_)| | | | | || (_| |  ) ) ) )
  '  |____| .__|_| |_|_| |_\__, | / / / /
 =========|_|==============|___/=/_/_/_/

&amp#27;[32m :: Spring Boot :: &amp#27;[39m              &amp#27;[2m (v3.4.3)&amp#27;[0;39m

&amp#27;[2m2025-03-14T20:07:52.269Z&amp#27;[0;39m &amp#27;[32m INFO&amp#27;[0;39m &amp#27;[35m19952&amp#27;[0;39m &amp#27;[2m--- [JunityTest] [           main] &amp#27;[0;39m&amp#27;[36m.c.s.i.c.PersonControllerIntegrationTest&amp#27;[0;39m &amp#27;[2m:&amp#27;[0;39m Starting PersonControllerIntegrationTest using Java 17.0.12 with PID 19952 (started by simao in C:\dev\projects-java\Java-Unit-Testing\1003)
&amp#27;[2m2025-03-14T20:07:52.269Z&amp#27;[0;39m &amp#27;[32m INFO&amp#27;[0;39m &amp#27;[35m19952&amp#27;[0;39m &amp#27;[2m--- [JunityTest] [           main] &amp#27;[0;39m&amp#27;[36m.c.s.i.c.PersonControllerIntegrationTest&amp#27;[0;39m &amp#27;[2m:&amp#27;[0;39m No active profile set, falling back to 1 default profile: "default"
&amp#27;[2m2025-03-14T20:07:52.875Z&amp#27;[0;39m &amp#27;[32m INFO&amp#27;[0;39m &amp#27;[35m19952&amp#27;[0;39m &amp#27;[2m--- [JunityTest] [           main] &amp#27;[0;39m&amp#27;[36m.s.d.r.c.RepositoryConfigurationDelegate&amp#27;[0;39m &amp#27;[2m:&amp#27;[0;39m Bootstrapping Spring Data JPA repositories in DEFAULT mode.
&amp#27;[2m2025-03-14T20:07:52.949Z&amp#27;[0;39m &amp#27;[32m INFO&amp#27;[0;39m &amp#27;[35m19952&amp#27;[0;39m &amp#27;[2m--- [JunityTest] [           main] &amp#27;[0;39m&amp#27;[36m.s.d.r.c.RepositoryConfigurationDelegate&amp#27;[0;39m &amp#27;[2m:&amp#27;[0;39m Finished Spring Data repository scanning in 58 ms. Found 1 JPA repository interface.
&amp#27;[2m2025-03-14T20:07:53.408Z&amp#27;[0;39m &amp#27;[32m INFO&amp#27;[0;39m &amp#27;[35m19952&amp#27;[0;39m &amp#27;[2m--- [JunityTest] [           main] &amp#27;[0;39m&amp#27;[36mo.s.b.w.embedded.tomcat.TomcatWebServer &amp#27;[0;39m &amp#27;[2m:&amp#27;[0;39m Tomcat initialized with port 0 (http)
&amp#27;[2m2025-03-14T20:07:53.421Z&amp#27;[0;39m &amp#27;[32m INFO&amp#27;[0;39m &amp#27;[35m19952&amp#27;[0;39m &amp#27;[2m--- [JunityTest] [           main] &amp#27;[0;39m&amp#27;[36mo.apache.catalina.core.StandardService  &amp#27;[0;39m &amp#27;[2m:&amp#27;[0;39m Starting service [Tomcat]
&amp#27;[2m2025-03-14T20:07:53.421Z&amp#27;[0;39m &amp#27;[32m INFO&amp#27;[0;39m &amp#27;[35m19952&amp#27;[0;39m &amp#27;[2m--- [JunityTest] [           main] &amp#27;[0;39m&amp#27;[36mo.apache.catalina.core.StandardEngine   &amp#27;[0;39m &amp#27;[2m:&amp#27;[0;39m Starting Servlet engine: [Apache Tomcat/10.1.36]
&amp#27;[2m2025-03-14T20:07:53.493Z&amp#27;[0;39m &amp#27;[32m INFO&amp#27;[0;39m &amp#27;[35m19952&amp#27;[0;39m &amp#27;[2m--- [JunityTest] [           main] &amp#27;[0;39m&amp#27;[36mo.a.c.c.C.[Tomcat].[localhost].[/]      &amp#27;[0;39m &amp#27;[2m:&amp#27;[0;39m Initializing Spring embedded WebApplicationContext
&amp#27;[2m2025-03-14T20:07:53.494Z&amp#27;[0;39m &amp#27;[32m INFO&amp#27;[0;39m &amp#27;[35m19952&amp#27;[0;39m &amp#27;[2m--- [JunityTest] [           main] &amp#27;[0;39m&amp#27;[36mw.s.c.ServletWebServerApplicationContext&amp#27;[0;39m &amp#27;[2m:&amp#27;[0;39m Root WebApplicationContext: initialization completed in 1223 ms
&amp#27;[2m2025-03-14T20:07:53.652Z&amp#27;[0;39m &amp#27;[32m INFO&amp#27;[0;39m &amp#27;[35m19952&amp#27;[0;39m &amp#27;[2m--- [JunityTest] [           main] &amp#27;[0;39m&amp#27;[36mo.hibernate.jpa.internal.util.LogHelper &amp#27;[0;39m &amp#27;[2m:&amp#27;[0;39m HHH000204: Processing PersistenceUnitInfo [name: default]
&amp#27;[2m2025-03-14T20:07:53.728Z&amp#27;[0;39m &amp#27;[32m INFO&amp#27;[0;39m &amp#27;[35m19952&amp#27;[0;39m &amp#27;[2m--- [JunityTest] [           main] &amp#27;[0;39m&amp#27;[36morg.hibernate.Version                   &amp#27;[0;39m &amp#27;[2m:&amp#27;[0;39m HHH000412: Hibernate ORM core version 6.6.8.Final
&amp#27;[2m2025-03-14T20:07:53.771Z&amp#27;[0;39m &amp#27;[32m INFO&amp#27;[0;39m &amp#27;[35m19952&amp#27;[0;39m &amp#27;[2m--- [JunityTest] [           main] &amp#27;[0;39m&amp#27;[36mo.h.c.internal.RegionFactoryInitiator   &amp#27;[0;39m &amp#27;[2m:&amp#27;[0;39m HHH000026: Second-level cache disabled
&amp#27;[2m2025-03-14T20:07:53.894Z&amp#27;[0;39m &amp#27;[32m INFO&amp#27;[0;39m &amp#27;[35m19952&amp#27;[0;39m &amp#27;[2m--- [JunityTest] [           main] &amp#27;[0;39m&amp#27;[36mo.s.o.j.p.SpringPersistenceUnitInfo     &amp#27;[0;39m &amp#27;[2m:&amp#27;[0;39m No LoadTimeWeaver setup: ignoring JPA class transformer
&amp#27;[2m2025-03-14T20:07:53.931Z&amp#27;[0;39m &amp#27;[32m INFO&amp#27;[0;39m &amp#27;[35m19952&amp#27;[0;39m &amp#27;[2m--- [JunityTest] [           main] &amp#27;[0;39m&amp#27;[36mcom.zaxxer.hikari.HikariDataSource      &amp#27;[0;39m &amp#27;[2m:&amp#27;[0;39m HikariPool-1 - Starting...
&amp#27;[2m2025-03-14T20:07:54.075Z&amp#27;[0;39m &amp#27;[32m INFO&amp#27;[0;39m &amp#27;[35m19952&amp#27;[0;39m &amp#27;[2m--- [JunityTest] [           main] &amp#27;[0;39m&amp#27;[36mcom.zaxxer.hikari.pool.HikariPool       &amp#27;[0;39m &amp#27;[2m:&amp#27;[0;39m HikariPool-1 - Added connection org.postgresql.jdbc.PgConnection@45dce9f7
&amp#27;[2m2025-03-14T20:07:54.077Z&amp#27;[0;39m &amp#27;[32m INFO&amp#27;[0;39m &amp#27;[35m19952&amp#27;[0;39m &amp#27;[2m--- [JunityTest] [           main] &amp#27;[0;39m&amp#27;[36mcom.zaxxer.hikari.HikariDataSource      &amp#27;[0;39m &amp#27;[2m:&amp#27;[0;39m HikariPool-1 - Start completed.
&amp#27;[2m2025-03-14T20:07:54.108Z&amp#27;[0;39m &amp#27;[33m WARN&amp#27;[0;39m &amp#27;[35m19952&amp#27;[0;39m &amp#27;[2m--- [JunityTest] [           main] &amp#27;[0;39m&amp#27;[36morg.hibernate.orm.deprecation           &amp#27;[0;39m &amp#27;[2m:&amp#27;[0;39m HHH90000025: PostgreSQLDialect does not need to be specified explicitly using 'hibernate.dialect' (remove the property setting and it will be selected by default)
&amp#27;[2m2025-03-14T20:07:54.131Z&amp#27;[0;39m &amp#27;[32m INFO&amp#27;[0;39m &amp#27;[35m19952&amp#27;[0;39m &amp#27;[2m--- [JunityTest] [           main] &amp#27;[0;39m&amp#27;[36morg.hibernate.orm.connections.pooling   &amp#27;[0;39m &amp#27;[2m:&amp#27;[0;39m HHH10001005: Database info:
	Database JDBC URL [Connecting through datasource 'HikariDataSource (HikariPool-1)']
	Database driver: undefined/unknown
	Database version: 15.12
	Autocommit mode: undefined/unknown
	Isolation level: undefined/unknown
	Minimum pool size: undefined/unknown
	Maximum pool size: undefined/unknown
&amp#27;[2m2025-03-14T20:07:54.780Z&amp#27;[0;39m &amp#27;[32m INFO&amp#27;[0;39m &amp#27;[35m19952&amp#27;[0;39m &amp#27;[2m--- [JunityTest] [           main] &amp#27;[0;39m&amp#27;[36mo.h.e.t.j.p.i.JtaPlatformInitiator      &amp#27;[0;39m &amp#27;[2m:&amp#27;[0;39m HHH000489: No JTA platform available (set 'hibernate.transaction.jta.platform' to enable JTA platform integration)
Hibernate: create table person (id bigint generated by default as identity, address varchar(100) not null, email varchar(100) not null, first_name varchar(80) not null, gender varchar(6) not null, last_name varchar(80) not null, primary key (id))
&amp#27;[2m2025-03-14T20:07:54.826Z&amp#27;[0;39m &amp#27;[32m INFO&amp#27;[0;39m &amp#27;[35m19952&amp#27;[0;39m &amp#27;[2m--- [JunityTest] [           main] &amp#27;[0;39m&amp#27;[36mj.LocalContainerEntityManagerFactoryBean&amp#27;[0;39m &amp#27;[2m:&amp#27;[0;39m Initialized JPA EntityManagerFactory for persistence unit 'default'
&amp#27;[2m2025-03-14T20:07:55.085Z&amp#27;[0;39m &amp#27;[32m INFO&amp#27;[0;39m &amp#27;[35m19952&amp#27;[0;39m &amp#27;[2m--- [JunityTest] [           main] &amp#27;[0;39m&amp#27;[36mo.s.d.j.r.query.QueryEnhancerFactory    &amp#27;[0;39m &amp#27;[2m:&amp#27;[0;39m Hibernate is in classpath; If applicable, HQL parser will be used.
&amp#27;[2m2025-03-14T20:07:56.223Z&amp#27;[0;39m &amp#27;[32m INFO&amp#27;[0;39m &amp#27;[35m19952&amp#27;[0;39m &amp#27;[2m--- [JunityTest] [           main] &amp#27;[0;39m&amp#27;[36mo.s.b.w.embedded.tomcat.TomcatWebServer &amp#27;[0;39m &amp#27;[2m:&amp#27;[0;39m Tomcat started on port 56000 (http) with context path '/'
&amp#27;[2m2025-03-14T20:07:56.229Z&amp#27;[0;39m &amp#27;[32m INFO&amp#27;[0;39m &amp#27;[35m19952&amp#27;[0;39m &amp#27;[2m--- [JunityTest] [           main] &amp#27;[0;39m&amp#27;[36m.c.s.i.c.PersonControllerIntegrationTest&amp#27;[0;39m &amp#27;[2m:&amp#27;[0;39m Started PersonControllerIntegrationTest in 4.0 seconds (process running for 11.61)
Request method:	POST
Request URI:	http://localhost:9090/person
Proxy:			<none>
Request params:	<none>
Query params:	<none>
Form params:	<none>
Path params:	<none>
Headers:		Accept=*/*
				Content-Type=application/json
Cookies:		<none>
Multiparts:		<none>
Body:
{
    "id": null,
    "firstName": "Fulano",
    "lastName": "Silva",
    "address": "Rua ZZ",
    "gender": "male",
    "email": "fulano@mail.com"
}
HTTP/1.1 404 
Content-Type: application/json
Transfer-Encoding: chunked
Date: Fri, 14 Mar 2025 20:07:57 GMT
Keep-Alive: timeout=60
Connection: keep-alive

{
    "timestamp": "2025-03-14T20:07:57.080+00:00",
    "message": "Email already exists with given email: fulano@mail.com",
    "details": "uri=/person"
}
Hibernate: TRUNCATE TABLE person RESTART IDENTITY CASCADE;
]]></system-out>
  </testcase>
</testsuite>